<?xml version="1.0" encoding="UTF-8"?>
<!-- Generated by org.testng.reporters.JUnitXMLReporter -->
<testsuite hostname="suren-Precision-M4600" name="Test" tests="5" failures="0" timestamp="4 Aug 2016 15:51:13 GMT" time="46.823" errors="0">
  <testcase name="testCategory" time="0.184" classname="com.test.EbayTest"/>
  <testcase name="testListingCountDP" time="11.243" classname="com.test.EbayTest"/>
  <testcase name="testListingCountDP" time="8.14" classname="com.test.EbayTest"/>
  <testcase name="testListingCountDP" time="5.786" classname="com.test.EbayTest"/>
  <testcase name="testThermometer" time="3.169" classname="com.test.RightStartTest"/>
</testsuite> <!-- Test -->
