<?xml version="1.0" encoding="UTF-8"?>
<!-- Generated by org.testng.reporters.JUnitXMLReporter -->
<testsuite hostname="suren-Precision-M4600" name="Default test" tests="3" failures="0" timestamp="5 Aug 2016 17:44:27 GMT" time="17.462" errors="0">
  <testcase name="testCountSlider" time="0.273" classname="com.test.HomePageTest"/>
  <testcase name="testCountSocialIcons" time="0.076" classname="com.test.HomePageTest"/>
  <testcase name="testLoginClick" time="2.942" classname="com.test.HomePageTest"/>
</testsuite> <!-- Default test -->
