<?xml version="1.0" encoding="UTF-8"?>
<!-- Generated by org.testng.reporters.JUnitXMLReporter -->
<testsuite hostname="suren-Precision-M4600" name="Default test" tests="3" failures="0" timestamp="4 Aug 2016 01:25:32 GMT" time="20.539" errors="0">
  <testcase name="testCategory" time="3.137" classname="com.test.EbayTest"/>
  <testcase name="testListingCount" time="8.96" classname="com.test.EbayTest"/>
  <testcase name="testListingCountDP" time="0.0" classname="com.test.EbayTest">
    <skipped/>
  </testcase> <!-- testListingCountDP -->
</testsuite> <!-- Default test -->
