<?xml version="1.0" encoding="UTF-8"?>
<testng-results skipped="0" failed="0" total="5" passed="5">
  <reporter-output>
  </reporter-output>
  <suite name="Suite" duration-ms="46823" started-at="2016-08-04T15:50:26Z" finished-at="2016-08-04T15:51:13Z">
    <groups>
    </groups>
    <test name="Test" duration-ms="46823" started-at="2016-08-04T15:50:26Z" finished-at="2016-08-04T15:51:13Z">
      <class name="com.test.EbayTest">
        <test-method status="PASS" signature="initialize()[pri:0, instance:com.test.EbayTest@3c756e4d]" name="initialize" is-config="true" duration-ms="12433" started-at="2016-08-04T08:50:26Z" finished-at="2016-08-04T08:50:39Z">
          <reporter-output>
          </reporter-output>
        </test-method> <!-- initialize -->
        <test-method status="PASS" signature="testCategory()[pri:0, instance:com.test.EbayTest@3c756e4d]" name="testCategory" duration-ms="184" started-at="2016-08-04T08:50:39Z" finished-at="2016-08-04T08:50:39Z">
          <reporter-output>
          </reporter-output>
        </test-method> <!-- testCategory -->
        <test-method status="PASS" signature="testListingCountDP(java.lang.String)[pri:0, instance:com.test.EbayTest@3c756e4d]" name="testListingCountDP" duration-ms="11243" started-at="2016-08-04T08:50:39Z" data-provider="searchString" finished-at="2016-08-04T08:50:50Z">
          <params>
            <param index="0">
              <value>
                <![CDATA[laptop]]>
              </value>
            </param>
          </params>
          <reporter-output>
          </reporter-output>
        </test-method> <!-- testListingCountDP -->
        <test-method status="PASS" signature="testListingCountDP(java.lang.String)[pri:0, instance:com.test.EbayTest@3c756e4d]" name="testListingCountDP" duration-ms="8140" started-at="2016-08-04T08:50:50Z" data-provider="searchString" finished-at="2016-08-04T08:50:58Z">
          <params>
            <param index="0">
              <value>
                <![CDATA[dell]]>
              </value>
            </param>
          </params>
          <reporter-output>
          </reporter-output>
        </test-method> <!-- testListingCountDP -->
        <test-method status="PASS" signature="testListingCountDP(java.lang.String)[pri:0, instance:com.test.EbayTest@3c756e4d]" name="testListingCountDP" duration-ms="5786" started-at="2016-08-04T08:50:58Z" data-provider="searchString" finished-at="2016-08-04T08:51:04Z">
          <params>
            <param index="0">
              <value>
                <![CDATA[hp]]>
              </value>
            </param>
          </params>
          <reporter-output>
          </reporter-output>
        </test-method> <!-- testListingCountDP -->
        <test-method status="PASS" signature="tearDown()[pri:0, instance:com.test.EbayTest@3c756e4d]" name="tearDown" is-config="true" duration-ms="199" started-at="2016-08-04T08:51:04Z" finished-at="2016-08-04T08:51:04Z">
          <reporter-output>
          </reporter-output>
        </test-method> <!-- tearDown -->
      </class> <!-- com.test.EbayTest -->
      <class name="com.test.RightStartTest">
        <test-method status="PASS" signature="initialize()[pri:0, instance:com.test.RightStartTest@7c0e2abd]" name="initialize" is-config="true" duration-ms="5460" started-at="2016-08-04T08:51:04Z" finished-at="2016-08-04T08:51:10Z">
          <reporter-output>
          </reporter-output>
        </test-method> <!-- initialize -->
        <test-method status="PASS" signature="testThermometer()[pri:0, instance:com.test.RightStartTest@7c0e2abd]" name="testThermometer" duration-ms="3169" started-at="2016-08-04T08:51:10Z" finished-at="2016-08-04T08:51:13Z">
          <reporter-output>
          </reporter-output>
        </test-method> <!-- testThermometer -->
        <test-method status="PASS" signature="quitpage()[pri:0, instance:com.test.RightStartTest@7c0e2abd]" name="quitpage" is-config="true" duration-ms="106" started-at="2016-08-04T08:51:13Z" finished-at="2016-08-04T08:51:13Z">
          <reporter-output>
          </reporter-output>
        </test-method> <!-- quitpage -->
      </class> <!-- com.test.RightStartTest -->
    </test> <!-- Test -->
  </suite> <!-- Suite -->
</testng-results>
