<?xml version="1.0" encoding="UTF-8"?>
<testng-results skipped="0" failed="0" total="5" passed="5">
  <reporter-output>
  </reporter-output>
  <suite name="Default suite" duration-ms="52197" started-at="2016-08-04T01:59:57Z" finished-at="2016-08-04T02:00:49Z">
    <groups>
    </groups>
    <test name="Default test" duration-ms="52197" started-at="2016-08-04T01:59:57Z" finished-at="2016-08-04T02:00:49Z">
      <class name="com.test.EbayTest">
        <test-method status="PASS" signature="initialize()[pri:0, instance:com.test.EbayTest@4de8b406]" name="initialize" is-config="true" duration-ms="11174" started-at="2016-08-03T18:59:57Z" finished-at="2016-08-03T19:00:08Z">
          <reporter-output>
          </reporter-output>
        </test-method> <!-- initialize -->
        <test-method status="PASS" signature="testCategory()[pri:0, instance:com.test.EbayTest@4de8b406]" name="testCategory" duration-ms="171" started-at="2016-08-03T19:00:08Z" finished-at="2016-08-03T19:00:09Z">
          <reporter-output>
          </reporter-output>
        </test-method> <!-- testCategory -->
        <test-method status="PASS" signature="testListingCount()[pri:0, instance:com.test.EbayTest@4de8b406]" name="testListingCount" duration-ms="10767" started-at="2016-08-03T19:00:09Z" finished-at="2016-08-03T19:00:19Z">
          <reporter-output>
          </reporter-output>
        </test-method> <!-- testListingCount -->
        <test-method status="PASS" signature="testListingCountDP(java.lang.String)[pri:0, instance:com.test.EbayTest@4de8b406]" name="testListingCountDP" duration-ms="8755" started-at="2016-08-03T19:00:19Z" data-provider="searchString" finished-at="2016-08-03T19:00:28Z">
          <params>
            <param index="0">
              <value>
                <![CDATA[laptop]]>
              </value>
            </param>
          </params>
          <reporter-output>
          </reporter-output>
        </test-method> <!-- testListingCountDP -->
        <test-method status="PASS" signature="testListingCountDP(java.lang.String)[pri:0, instance:com.test.EbayTest@4de8b406]" name="testListingCountDP" duration-ms="8413" started-at="2016-08-03T19:00:28Z" data-provider="searchString" finished-at="2016-08-03T19:00:36Z">
          <params>
            <param index="0">
              <value>
                <![CDATA[dell]]>
              </value>
            </param>
          </params>
          <reporter-output>
          </reporter-output>
        </test-method> <!-- testListingCountDP -->
        <test-method status="PASS" signature="testListingCountDP(java.lang.String)[pri:0, instance:com.test.EbayTest@4de8b406]" name="testListingCountDP" duration-ms="12591" started-at="2016-08-03T19:00:36Z" data-provider="searchString" finished-at="2016-08-03T19:00:49Z">
          <params>
            <param index="0">
              <value>
                <![CDATA[hp]]>
              </value>
            </param>
          </params>
          <reporter-output>
          </reporter-output>
        </test-method> <!-- testListingCountDP -->
        <test-method status="PASS" signature="tearDown()[pri:0, instance:com.test.EbayTest@4de8b406]" name="tearDown" is-config="true" duration-ms="239" started-at="2016-08-03T19:00:49Z" finished-at="2016-08-03T19:00:49Z">
          <reporter-output>
          </reporter-output>
        </test-method> <!-- tearDown -->
      </class> <!-- com.test.EbayTest -->
    </test> <!-- Default test -->
  </suite> <!-- Default suite -->
</testng-results>
